app/build/intermediates/manifest_merge_blame_file/debug/manifest-merger-blame-debug-report.txt
1<?xml version="1.0" encoding="utf-8"?>
2<manifest xmlns:android="http://schemas.android.com/apk/res/android"
3    package="com.bbf.cruise"
4    android:versionCode="1"
5    android:versionName="1.0" >
6
7    <uses-sdk
8        android:minSdkVersion="24"
8-->src\main\AndroidManifest.xml
9        android:targetSdkVersion="29" />
9-->src\main\AndroidManifest.xml
10
11    <uses-permission android:name="android.permission.INTERNET" />
11-->src\main\AndroidManifest.xml:5:5-67
11-->src\main\AndroidManifest.xml:5:22-64
12    <uses-permission android:name="android.permission.ACCESS_FINE_LOCATION" />
12-->src\main\AndroidManifest.xml:6:5-79
12-->src\main\AndroidManifest.xml:6:22-76
13    <uses-permission android:name="android.permission.ACCESS_COARSE_LOCATION" />
13-->src\main\AndroidManifest.xml:7:5-81
13-->src\main\AndroidManifest.xml:7:22-78
14    <uses-permission android:name="android.permission.ACCESS_NETWORK_STATE" />
14-->src\main\AndroidManifest.xml:8:5-79
14-->src\main\AndroidManifest.xml:8:22-76
15    <uses-permission android:name="android.permission.ACCESS_WIFI_STATE" />
15-->src\main\AndroidManifest.xml:9:5-76
15-->src\main\AndroidManifest.xml:9:22-73
16    <uses-permission android:name="android.permission.CAMERA" />
16-->src\main\AndroidManifest.xml:10:5-65
16-->src\main\AndroidManifest.xml:10:22-62
17    <uses-permission android:name="android.permission.FOREGROUND_SERVICE" />
17-->src\main\AndroidManifest.xml:11:5-77
17-->src\main\AndroidManifest.xml:11:22-74
18
19    <uses-feature
19-->[com.google.android.gms:play-services-maps:17.0.0] AndroidManifest.xml:26:5-28:35
20        android:glEsVersion="0x00020000"
20-->[com.google.android.gms:play-services-maps:17.0.0] AndroidManifest.xml:27:9-41
21        android:required="true" />
21-->[com.google.android.gms:play-services-maps:17.0.0] AndroidManifest.xml:28:9-32
22
23    <application
23-->src\main\AndroidManifest.xml:13:5-84:19
24        android:name="com.bbf.cruise.CruiseApplication"
24-->src\main\AndroidManifest.xml:14:9-42
25        android:allowBackup="true"
25-->src\main\AndroidManifest.xml:15:9-35
26        android:appComponentFactory="androidx.core.app.CoreComponentFactory"
26-->[androidx.core:core:1.1.0] AndroidManifest.xml:24:18-86
27        android:debuggable="true"
28        android:extractNativeLibs="false"
29        android:icon="@mipmap/ic_launcher"
29-->src\main\AndroidManifest.xml:16:9-43
30        android:label="@string/app_name"
30-->src\main\AndroidManifest.xml:17:9-41
31        android:roundIcon="@mipmap/ic_launcher_round"
31-->src\main\AndroidManifest.xml:18:9-54
32        android:supportsRtl="true"
32-->src\main\AndroidManifest.xml:19:9-35
33        android:testOnly="true"
34        android:theme="@style/AppTheme" >
34-->src\main\AndroidManifest.xml:20:9-40
35        <service android:name="com.bbf.cruise.service.ReservationService" />
35-->src\main\AndroidManifest.xml:21:9-62
35-->src\main\AndroidManifest.xml:21:18-60
36
37        <activity android:name="com.bbf.cruise.activities.FavoriteActivity" />
37-->src\main\AndroidManifest.xml:22:9-74
37-->src\main\AndroidManifest.xml:22:19-62
38        <activity
38-->src\main\AndroidManifest.xml:23:9-26:58
39            android:name="com.bbf.cruise.activities.ChangePasswordActivity"
39-->src\main\AndroidManifest.xml:24:13-62
40            android:theme="@style/AppTheme"
40-->src\main\AndroidManifest.xml:25:13-44
41            android:windowSoftInputMode="adjustResize" />
41-->src\main\AndroidManifest.xml:26:13-55
42        <!--
43         RESAVA PROBLEM CRASH-A APLIKACIJE PRILIKOM PRIKAZAVINJA MAPE
44             FIX: https://stackoverflow.com/questions/50461881/java-lang-noclassdeffounderrorfailed-resolution-of-lorg-apache-http-protocolve
45        -->
46        <uses-library
46-->src\main\AndroidManifest.xml:31:9-33:40
47            android:name="org.apache.http.legacy"
47-->src\main\AndroidManifest.xml:32:13-50
48            android:required="false" /> <!-- MAPE -->
48-->src\main\AndroidManifest.xml:33:13-37
49        <meta-data
49-->src\main\AndroidManifest.xml:34:9-36:47
50            android:name="com.google.android.geo.API_KEY"
50-->src\main\AndroidManifest.xml:35:13-58
51            android:value="@string/map_key" /> <!-- MAPE -->
51-->src\main\AndroidManifest.xml:36:13-44
52        <activity
52-->src\main\AndroidManifest.xml:37:9-40:58
53            android:name="com.bbf.cruise.activities.ForgotPasswordActivity"
53-->src\main\AndroidManifest.xml:38:13-62
54            android:theme="@style/AppTheme.NoBar"
54-->src\main\AndroidManifest.xml:39:13-50
55            android:windowSoftInputMode="adjustResize" />
55-->src\main\AndroidManifest.xml:40:13-55
56        <activity
56-->src\main\AndroidManifest.xml:41:9-43:47
57            android:name="com.bbf.cruise.activities.CarDetailActivity"
57-->src\main\AndroidManifest.xml:42:13-57
58            android:theme="@style/AppTheme" />
58-->src\main\AndroidManifest.xml:43:13-44
59        <activity
59-->src\main\AndroidManifest.xml:44:9-46:47
60            android:name="com.bbf.cruise.activities.NearbyCarsActivity"
60-->src\main\AndroidManifest.xml:45:13-58
61            android:theme="@style/AppTheme" />
61-->src\main\AndroidManifest.xml:46:13-44
62        <activity
62-->src\main\AndroidManifest.xml:47:9-49:47
63            android:name="com.bbf.cruise.activities.SettingsActivity"
63-->src\main\AndroidManifest.xml:48:13-56
64            android:theme="@style/AppTheme" />
64-->src\main\AndroidManifest.xml:49:13-44
65        <activity
65-->src\main\AndroidManifest.xml:50:9-52:47
66            android:name="com.bbf.cruise.activities.RideHistoryActivity"
66-->src\main\AndroidManifest.xml:51:13-59
67            android:theme="@style/AppTheme" />
67-->src\main\AndroidManifest.xml:52:13-44
68        <activity
68-->src\main\AndroidManifest.xml:53:9-55:47
69            android:name="com.bbf.cruise.activities.WalletActivity"
69-->src\main\AndroidManifest.xml:54:13-54
70            android:theme="@style/AppTheme" />
70-->src\main\AndroidManifest.xml:55:13-44
71        <activity
71-->src\main\AndroidManifest.xml:56:9-58:47
72            android:name="com.bbf.cruise.activities.AboutUsActivity"
72-->src\main\AndroidManifest.xml:57:13-55
73            android:theme="@style/AppTheme" />
73-->src\main\AndroidManifest.xml:58:13-44
74        <activity
74-->src\main\AndroidManifest.xml:59:9-61:47
75            android:name="com.bbf.cruise.activities.QRScannerActivity"
75-->src\main\AndroidManifest.xml:60:13-57
76            android:theme="@style/AppTheme" />
76-->src\main\AndroidManifest.xml:61:13-44
77        <activity
77-->src\main\AndroidManifest.xml:62:9-65:58
78            android:name="com.bbf.cruise.activities.RegisterActivity"
78-->src\main\AndroidManifest.xml:63:13-56
79            android:theme="@style/AppTheme.NoBar"
79-->src\main\AndroidManifest.xml:64:13-50
80            android:windowSoftInputMode="adjustResize" />
80-->src\main\AndroidManifest.xml:65:13-55
81        <activity
81-->src\main\AndroidManifest.xml:66:9-68:59
82            android:name="com.bbf.cruise.MainActivity"
82-->src\main\AndroidManifest.xml:67:13-41
83            android:theme="@style/AppTheme.NoActionBar" />
83-->src\main\AndroidManifest.xml:68:13-56
84        <activity
84-->src\main\AndroidManifest.xml:69:9-79:20
85            android:name="com.bbf.cruise.activities.SplashScreenActivity"
85-->src\main\AndroidManifest.xml:70:13-60
86            android:noHistory="true"
86-->src\main\AndroidManifest.xml:71:13-37
87            android:screenOrientation="portrait"
87-->src\main\AndroidManifest.xml:72:13-49
88            android:theme="@style/AppTheme.NoBarSS" >
88-->src\main\AndroidManifest.xml:73:13-52
89            <intent-filter>
89-->src\main\AndroidManifest.xml:74:13-78:29
90                <action android:name="android.intent.action.MAIN" />
90-->src\main\AndroidManifest.xml:75:17-69
90-->src\main\AndroidManifest.xml:75:25-66
91
92                <category android:name="android.intent.category.LAUNCHER" />
92-->src\main\AndroidManifest.xml:77:17-77
92-->src\main\AndroidManifest.xml:77:27-74
93            </intent-filter>
94        </activity>
95        <activity
95-->src\main\AndroidManifest.xml:80:9-83:58
96            android:name="com.bbf.cruise.activities.LoginActivity"
96-->src\main\AndroidManifest.xml:81:13-53
97            android:theme="@style/AppTheme.NoBar"
97-->src\main\AndroidManifest.xml:82:13-50
98            android:windowSoftInputMode="adjustResize" />
98-->src\main\AndroidManifest.xml:83:13-55
99
100        <service
100-->[com.google.firebase:firebase-database:19.3.0] AndroidManifest.xml:29:9-35:19
101            android:name="com.google.firebase.components.ComponentDiscoveryService"
101-->[com.google.firebase:firebase-database:19.3.0] AndroidManifest.xml:30:13-84
102            android:directBootAware="true"
102-->[com.google.firebase:firebase-common:19.3.0] AndroidManifest.xml:34:13-43
103            android:exported="false" >
103-->[com.google.firebase:firebase-database:19.3.0] AndroidManifest.xml:31:13-37
104            <meta-data
104-->[com.google.firebase:firebase-database:19.3.0] AndroidManifest.xml:32:13-34:85
105                android:name="com.google.firebase.components:com.google.firebase.database.DatabaseRegistrar"
105-->[com.google.firebase:firebase-database:19.3.0] AndroidManifest.xml:33:17-109
106                android:value="com.google.firebase.components.ComponentRegistrar" />
106-->[com.google.firebase:firebase-database:19.3.0] AndroidManifest.xml:34:17-82
107            <meta-data
107-->[com.google.firebase:firebase-auth:19.3.1] AndroidManifest.xml:36:13-38:85
108                android:name="com.google.firebase.components:com.google.firebase.auth.FirebaseAuthRegistrar"
108-->[com.google.firebase:firebase-auth:19.3.1] AndroidManifest.xml:37:17-109
109                android:value="com.google.firebase.components.ComponentRegistrar" />
109-->[com.google.firebase:firebase-auth:19.3.1] AndroidManifest.xml:38:17-82
110        </service>
111
112        <activity
112-->[com.google.firebase:firebase-auth:19.3.1] AndroidManifest.xml:24:9-31:50
113            android:name="com.google.firebase.auth.internal.FederatedSignInActivity"
113-->[com.google.firebase:firebase-auth:19.3.1] AndroidManifest.xml:25:13-85
114            android:excludeFromRecents="true"
114-->[com.google.firebase:firebase-auth:19.3.1] AndroidManifest.xml:26:13-46
115            android:exported="true"
115-->[com.google.firebase:firebase-auth:19.3.1] AndroidManifest.xml:27:13-36
116            android:launchMode="singleTask"
116-->[com.google.firebase:firebase-auth:19.3.1] AndroidManifest.xml:28:13-44
117            android:permission="com.google.firebase.auth.api.gms.permission.LAUNCH_FEDERATED_SIGN_IN"
117-->[com.google.firebase:firebase-auth:19.3.1] AndroidManifest.xml:29:13-102
118            android:theme="@android:style/Theme.Translucent.NoTitleBar" />
118-->[com.google.firebase:firebase-auth:19.3.1] AndroidManifest.xml:30:13-72
119
120        <meta-data
120-->[com.google.maps.android:android-maps-utils:1.3.1] AndroidManifest.xml:12:9-14:69
121            android:name="com.google.android.gms.version"
121-->[com.google.maps.android:android-maps-utils:1.3.1] AndroidManifest.xml:13:13-58
122            android:value="@integer/google_play_services_version" />
122-->[com.google.maps.android:android-maps-utils:1.3.1] AndroidManifest.xml:14:13-66
123
124        <provider
124-->[com.google.firebase:firebase-common:19.3.0] AndroidManifest.xml:26:9-30:39
125            android:name="com.google.firebase.provider.FirebaseInitProvider"
125-->[com.google.firebase:firebase-common:19.3.0] AndroidManifest.xml:27:13-77
126            android:authorities="com.bbf.cruise.firebaseinitprovider"
126-->[com.google.firebase:firebase-common:19.3.0] AndroidManifest.xml:28:13-72
127            android:exported="false"
127-->[com.google.firebase:firebase-common:19.3.0] AndroidManifest.xml:29:13-37
128            android:initOrder="100" />
128-->[com.google.firebase:firebase-common:19.3.0] AndroidManifest.xml:30:13-36
129
130        <activity
130-->[com.google.android.gms:play-services-base:17.1.0] AndroidManifest.xml:23:9-26:75
131            android:name="com.google.android.gms.common.api.GoogleApiActivity"
131-->[com.google.android.gms:play-services-base:17.1.0] AndroidManifest.xml:24:13-79
132            android:exported="false"
132-->[com.google.android.gms:play-services-base:17.1.0] AndroidManifest.xml:25:13-37
133            android:theme="@android:style/Theme.Translucent.NoTitleBar" />
133-->[com.google.android.gms:play-services-base:17.1.0] AndroidManifest.xml:26:13-72
134    </application>
135
136</manifest>